Command line:
   tb_counters_isim_beh.exe
     -simmode  gui
     -simrunnum  0
     -socket  64343

Fri Oct 25 05:38:07 2019


 Elaboration Time: 0.0625 sec

 Current Memory Usage: 999.682 Meg

 Total Signals          : 9
 Total Nets             : 11
 Total Signal Drivers   : 5
 Total Blocks           : 5
 Total Primitive Blocks : 4
 Total Processes        : 4
 Total Traceable Variables  : 10
 Total Scalar Nets and Variables : 389
Total Line Count : 17

 Total Simulation Time: 0.078125 sec

 Current Memory Usage: 999.682 Meg

Fri Oct 25 05:38:28 2019

