Running: C:\Xilinx\14.7\ISE_DS\ISE\bin\nt\unwrapped\fuse.exe -intstyle ise -incremental -lib secureip -o E:/mux81/mux_tb_isim_beh.exe -prj E:/mux81/mux_tb_beh.prj work.mux_tb 
ISim P.20131013 (signature 0x8ef4fb42)
Number of CPUs detected in this system: 4
Turning on mult-threading, number of parallel sub-compilation jobs: 8 
Determining compilation order of HDL files
Parsing VHDL file "E:/mux81/c.vhd" into library work
Parsing VHDL file "E:/mux81/tb.vhd" into library work
Starting static elaboration
Completed static elaboration
Fuse Memory Usage: 180968 KB
Fuse CPU Usage: 437 ms
Compiling package standard
Compiling package std_logic_1164
Compiling architecture behavioral of entity mux81 [mux81_default]
Compiling architecture behavior of entity mux_tb
Time Resolution for simulation is 1ps.
Waiting for 1 sub-compilation(s) to finish...
Compiled 5 VHDL Units
Built simulation executable E:/mux81/mux_tb_isim_beh.exe
Fuse Memory Usage: 189772 KB
Fuse CPU Usage: 546 ms
