Command line:
   tb_counters_isim_beh.exe
     -simmode  gui
     -simrunnum  0
     -socket  57934

Thu Oct 24 16:35:39 2019


 Elaboration Time: 0.078125 sec

 Current Memory Usage: 999.551 Meg

 Total Signals          : 7
 Total Nets             : 10
 Total Signal Drivers   : 4
 Total Blocks           : 5
 Total Primitive Blocks : 4
 Total Processes        : 4
 Total Traceable Variables  : 10
 Total Scalar Nets and Variables : 388
Total Line Count : 13

 Total Simulation Time: 0.078125 sec

 Current Memory Usage: 999.551 Meg

Thu Oct 24 16:35:56 2019

