Command line:
   tb_counters_isim_beh.exe
     -simmode  gui
     -simrunnum  0
     -socket  64458

Fri Oct 25 05:39:54 2019


 Elaboration Time: 0.125 sec

 Current Memory Usage: 999.748 Meg

 Total Signals          : 7
 Total Nets             : 10
 Total Signal Drivers   : 4
 Total Blocks           : 5
 Total Primitive Blocks : 4
 Total Processes        : 4
 Total Traceable Variables  : 10
 Total Scalar Nets and Variables : 388
Total Line Count : 13

 Total Simulation Time: 0.125 sec

 Current Memory Usage: 999.748 Meg

Fri Oct 25 05:40:08 2019

