Running: C:\Xilinx\14.7\ISE_DS\ISE\bin\nt\unwrapped\fuse.exe -intstyle ise -incremental -o E:/FULL_ADDER/Testbench_behavioral_adder_isim_beh.exe -prj E:/FULL_ADDER/Testbench_behavioral_adder_beh.prj work.Testbench_behavioral_adder 
ISim P.20131013 (signature 0x8ef4fb42)
Number of CPUs detected in this system: 4
Turning on mult-threading, number of parallel sub-compilation jobs: 8 
Determining compilation order of HDL files
Parsing VHDL file "E:/FULL_ADDER/FULL_ADDER_BEHAVIORAL.vhd" into library work
Parsing VHDL file "E:/FULL_ADDER/teb.vhd" into library work
Starting static elaboration
Completed static elaboration
Fuse Memory Usage: 180904 KB
Fuse CPU Usage: 780 ms
Compiling package standard
Compiling package std_logic_1164
Compiling package std_logic_arith
Compiling package std_logic_unsigned
Compiling package numeric_std
Compiling architecture behavioral of entity Full_Adder_Behavioral_VHDL [full_adder_behavioral_vhdl_defau...]
Compiling architecture behavioral of entity testbench_behavioral_adder
Time Resolution for simulation is 1ps.
Waiting for 1 sub-compilation(s) to finish...
Compiled 8 VHDL Units
Built simulation executable E:/FULL_ADDER/Testbench_behavioral_adder_isim_beh.exe
Fuse Memory Usage: 200652 KB
Fuse CPU Usage: 1031 ms
