Command line:
   decoder38_tb_isim_beh.exe
     -simmode  gui
     -simrunnum  0
     -socket  62525

Fri Oct 25 05:14:08 2019


 Elaboration Time: 0.078125 sec

 Current Memory Usage: 999.145 Meg

 Total Signals          : 6
 Total Nets             : 12
 Total Signal Drivers   : 3
 Total Blocks           : 3
 Total Primitive Blocks : 2
 Total Processes        : 2
 Total Traceable Variables  : 8
 Total Scalar Nets and Variables : 372
Total Line Count : 29

 Total Simulation Time: 0.078125 sec

 Current Memory Usage: 999.145 Meg

Fri Oct 25 05:14:18 2019

